C:\USERS\SIMON\DOCUMENTS\GITHUB\UCLAN-SPARTA\DISSERTATION PROJECT\RELEASE\MATHIO.OBJ
C:\USERS\SIMON\DOCUMENTS\GITHUB\UCLAN-SPARTA\DISSERTATION PROJECT\RELEASE\CVECTOR4.OBJ
C:\USERS\SIMON\DOCUMENTS\GITHUB\UCLAN-SPARTA\DISSERTATION PROJECT\RELEASE\CVECTOR3.OBJ
C:\USERS\SIMON\DOCUMENTS\GITHUB\UCLAN-SPARTA\DISSERTATION PROJECT\RELEASE\CVECTOR2.OBJ
C:\USERS\SIMON\DOCUMENTS\GITHUB\UCLAN-SPARTA\DISSERTATION PROJECT\RELEASE\CQUATTRANSFORM.OBJ
C:\USERS\SIMON\DOCUMENTS\GITHUB\UCLAN-SPARTA\DISSERTATION PROJECT\RELEASE\CQUATERNION.OBJ
C:\USERS\SIMON\DOCUMENTS\GITHUB\UCLAN-SPARTA\DISSERTATION PROJECT\RELEASE\CMATRIX4X4.OBJ
C:\USERS\SIMON\DOCUMENTS\GITHUB\UCLAN-SPARTA\DISSERTATION PROJECT\RELEASE\CMATRIX3X3.OBJ
C:\USERS\SIMON\DOCUMENTS\GITHUB\UCLAN-SPARTA\DISSERTATION PROJECT\RELEASE\CMATRIX2X2.OBJ
C:\USERS\SIMON\DOCUMENTS\GITHUB\UCLAN-SPARTA\DISSERTATION PROJECT\RELEASE\BASEMATH.OBJ
C:\USERS\SIMON\DOCUMENTS\GITHUB\UCLAN-SPARTA\DISSERTATION PROJECT\RELEASE\UTILITY.OBJ
C:\USERS\SIMON\DOCUMENTS\GITHUB\UCLAN-SPARTA\DISSERTATION PROJECT\RELEASE\MSDEFINES.OBJ
C:\USERS\SIMON\DOCUMENTS\GITHUB\UCLAN-SPARTA\DISSERTATION PROJECT\RELEASE\CFATALEXCEPTION.OBJ
C:\USERS\SIMON\DOCUMENTS\GITHUB\UCLAN-SPARTA\DISSERTATION PROJECT\RELEASE\CIMPORTXFILE.OBJ
C:\USERS\SIMON\DOCUMENTS\GITHUB\UCLAN-SPARTA\DISSERTATION PROJECT\RELEASE\IMPORTOBJ.OBJ
C:\USERS\SIMON\DOCUMENTS\GITHUB\UCLAN-SPARTA\DISSERTATION PROJECT\RELEASE\GEOMETRYMANAGER.OBJ
C:\USERS\SIMON\DOCUMENTS\GITHUB\UCLAN-SPARTA\DISSERTATION PROJECT\RELEASE\GEOMETRY.OBJ
C:\USERS\SIMON\DOCUMENTS\GITHUB\UCLAN-SPARTA\DISSERTATION PROJECT\RELEASE\CTIMER.OBJ
C:\USERS\SIMON\DOCUMENTS\GITHUB\UCLAN-SPARTA\DISSERTATION PROJECT\RELEASE\COLOURS.OBJ
C:\USERS\SIMON\DOCUMENTS\GITHUB\UCLAN-SPARTA\DISSERTATION PROJECT\RELEASE\CAMERA.OBJ
C:\USERS\SIMON\DOCUMENTS\GITHUB\UCLAN-SPARTA\DISSERTATION PROJECT\RELEASE\TINYXML2.OBJ
C:\USERS\SIMON\DOCUMENTS\GITHUB\UCLAN-SPARTA\DISSERTATION PROJECT\RELEASE\TEXTUREMANAGER.OBJ
C:\USERS\SIMON\DOCUMENTS\GITHUB\UCLAN-SPARTA\DISSERTATION PROJECT\RELEASE\TEXTURE.OBJ
C:\USERS\SIMON\DOCUMENTS\GITHUB\UCLAN-SPARTA\DISSERTATION PROJECT\RELEASE\SCENE.OBJ
C:\USERS\SIMON\DOCUMENTS\GITHUB\UCLAN-SPARTA\DISSERTATION PROJECT\RELEASE\RENDEROBJECT.OBJ
C:\USERS\SIMON\DOCUMENTS\GITHUB\UCLAN-SPARTA\DISSERTATION PROJECT\RELEASE\MODEL.OBJ
C:\USERS\SIMON\DOCUMENTS\GITHUB\UCLAN-SPARTA\DISSERTATION PROJECT\RELEASE\MAPSQUARE.OBJ
C:\USERS\SIMON\DOCUMENTS\GITHUB\UCLAN-SPARTA\DISSERTATION PROJECT\RELEASE\LIGHT.OBJ
C:\USERS\SIMON\DOCUMENTS\GITHUB\UCLAN-SPARTA\DISSERTATION PROJECT\RELEASE\INPUT.OBJ
C:\USERS\SIMON\DOCUMENTS\GITHUB\UCLAN-SPARTA\DISSERTATION PROJECT\RELEASE\MAIN.OBJ
C:\USERS\SIMON\DOCUMENTS\GITHUB\UCLAN-SPARTA\DISSERTATION PROJECT\RELEASE\VC110.PDB
C:\Users\Simon\Documents\GitHub\UCLAN-sparta\Release\GraphicsAssign1.cso
C:\Users\Simon\Documents\GitHub\UCLAN-sparta\Dissertation Project\Release\BaseMath.obj
C:\Users\Simon\Documents\GitHub\UCLAN-sparta\Dissertation Project\Release\Camera.obj
C:\Users\Simon\Documents\GitHub\UCLAN-sparta\Dissertation Project\Release\CFatalException.obj
C:\Users\Simon\Documents\GitHub\UCLAN-sparta\Dissertation Project\Release\CImportXFile.obj
C:\Users\Simon\Documents\GitHub\UCLAN-sparta\Dissertation Project\Release\CMatrix2x2.obj
C:\Users\Simon\Documents\GitHub\UCLAN-sparta\Dissertation Project\Release\CMatrix3x3.obj
C:\Users\Simon\Documents\GitHub\UCLAN-sparta\Dissertation Project\Release\CMatrix4x4.obj
C:\Users\Simon\Documents\GitHub\UCLAN-sparta\Dissertation Project\Release\Colours.obj
C:\Users\Simon\Documents\GitHub\UCLAN-sparta\Dissertation Project\Release\CQuaternion.obj
C:\Users\Simon\Documents\GitHub\UCLAN-sparta\Dissertation Project\Release\CQuatTransform.obj
C:\Users\Simon\Documents\GitHub\UCLAN-sparta\Dissertation Project\Release\CTimer.obj
C:\Users\Simon\Documents\GitHub\UCLAN-sparta\Dissertation Project\Release\CVector2.obj
C:\Users\Simon\Documents\GitHub\UCLAN-sparta\Dissertation Project\Release\CVector3.obj
C:\Users\Simon\Documents\GitHub\UCLAN-sparta\Dissertation Project\Release\CVector4.obj
C:\Users\Simon\Documents\GitHub\UCLAN-sparta\Dissertation Project\Release\Geometry.obj
C:\Users\Simon\Documents\GitHub\UCLAN-sparta\Dissertation Project\Release\GeometryManager.obj
C:\Users\Simon\Documents\GitHub\UCLAN-sparta\Dissertation Project\Release\ImportOBJ.obj
C:\Users\Simon\Documents\GitHub\UCLAN-sparta\Dissertation Project\Release\Input.obj
C:\Users\Simon\Documents\GitHub\UCLAN-sparta\Dissertation Project\Release\Light.obj
C:\Users\Simon\Documents\GitHub\UCLAN-sparta\Dissertation Project\Release\Main.obj
C:\Users\Simon\Documents\GitHub\UCLAN-sparta\Dissertation Project\Release\MapSquare.obj
C:\Users\Simon\Documents\GitHub\UCLAN-sparta\Dissertation Project\Release\MathIO.obj
C:\Users\Simon\Documents\GitHub\UCLAN-sparta\Dissertation Project\Release\Model.obj
C:\Users\Simon\Documents\GitHub\UCLAN-sparta\Dissertation Project\Release\MSDefines.obj
C:\Users\Simon\Documents\GitHub\UCLAN-sparta\Dissertation Project\Release\RenderObject.obj
C:\Users\Simon\Documents\GitHub\UCLAN-sparta\Dissertation Project\Release\Scene.obj
C:\Users\Simon\Documents\GitHub\UCLAN-sparta\Dissertation Project\Release\Texture.obj
C:\Users\Simon\Documents\GitHub\UCLAN-sparta\Dissertation Project\Release\TextureManager.obj
C:\Users\Simon\Documents\GitHub\UCLAN-sparta\Dissertation Project\Release\tinyxml2.obj
C:\Users\Simon\Documents\GitHub\UCLAN-sparta\Dissertation Project\Release\Utility.obj
C:\Users\Simon\Documents\GitHub\UCLAN-sparta\Dissertation Project\Release\cl.command.1.tlog
C:\Users\Simon\Documents\GitHub\UCLAN-sparta\Dissertation Project\Release\CL.read.1.tlog
C:\Users\Simon\Documents\GitHub\UCLAN-sparta\Dissertation Project\Release\CL.write.1.tlog
C:\Users\Simon\Documents\GitHub\UCLAN-sparta\Dissertation Project\Release\Dissertation Project.write.1.tlog
C:\Users\Simon\Documents\GitHub\UCLAN-sparta\Dissertation Project\Release\link.command.1.tlog
C:\Users\Simon\Documents\GitHub\UCLAN-sparta\Dissertation Project\Release\link.read.1.tlog
C:\Users\Simon\Documents\GitHub\UCLAN-sparta\Dissertation Project\Release\link.write.1.tlog
C:\Users\Simon\Documents\GitHub\UCLAN-sparta\Dissertation Project\Release\vc110.pdb
