c:\users\spneill\documents\visual studio 2013\projects\dissertation 2.0\debug\vc120.pdb
c:\users\spneill\documents\visual studio 2013\projects\dissertation 2.0\debug\vc120.idb
c:\users\spneill\documents\visual studio 2013\projects\dissertation 2.0\debug\cmatrix2x2.obj
c:\users\spneill\documents\visual studio 2013\projects\dissertation 2.0\debug\cmatrix3x3.obj
c:\users\spneill\documents\visual studio 2013\projects\dissertation 2.0\debug\cmatrix4x4.obj
c:\users\spneill\documents\visual studio 2013\projects\dissertation 2.0\debug\cquaternion.obj
c:\users\spneill\documents\visual studio 2013\projects\dissertation 2.0\debug\cquattransform.obj
c:\users\spneill\documents\visual studio 2013\projects\dissertation 2.0\debug\cvector2.obj
c:\users\spneill\documents\visual studio 2013\projects\dissertation 2.0\debug\cvector3.obj
c:\users\spneill\documents\visual studio 2013\projects\dissertation 2.0\debug\cvector4.obj
c:\users\spneill\documents\visual studio 2013\projects\dissertation 2.0\debug\mathio.obj
c:\users\spneill\documents\visual studio 2013\projects\dissertation 2.0\debug\tinyxml2.obj
c:\users\spneill\documents\visual studio 2013\projects\dissertation 2.0\debug\input.obj
c:\users\spneill\documents\visual studio 2013\projects\dissertation 2.0\debug\light.obj
c:\users\spneill\documents\visual studio 2013\projects\dissertation 2.0\debug\main.obj
c:\users\spneill\documents\visual studio 2013\projects\dissertation 2.0\debug\mapsquare.obj
c:\users\spneill\documents\visual studio 2013\projects\dissertation 2.0\debug\model.obj
c:\users\spneill\documents\visual studio 2013\projects\dissertation 2.0\debug\modelbatch.obj
c:\users\spneill\documents\visual studio 2013\projects\dissertation 2.0\debug\renderobject.obj
c:\users\spneill\documents\visual studio 2013\projects\dissertation 2.0\debug\scene.obj
c:\users\spneill\documents\visual studio 2013\projects\dissertation 2.0\debug\settingsmanager.obj
c:\users\spneill\documents\visual studio 2013\projects\dissertation 2.0\debug\tweakfunctions.obj
c:\users\spneill\documents\visual studio 2013\projects\dissertation 2.0\debug\aiinterface.obj
c:\users\spneill\documents\visual studio 2013\projects\dissertation 2.0\debug\airandom.obj
c:\users\spneill\documents\visual studio 2013\projects\dissertation 2.0\debug\camera.obj
c:\users\spneill\documents\visual studio 2013\projects\dissertation 2.0\debug\colours.obj
c:\users\spneill\documents\visual studio 2013\projects\dissertation 2.0\debug\ctimer.obj
c:\users\spneill\documents\visual studio 2013\projects\dissertation 2.0\debug\cimportxfile.obj
c:\users\spneill\documents\visual studio 2013\projects\dissertation 2.0\debug\cfatalexception.obj
c:\users\spneill\documents\visual studio 2013\projects\dissertation 2.0\debug\msdefines.obj
c:\users\spneill\documents\visual studio 2013\projects\dissertation 2.0\debug\utility.obj
c:\users\spneill\documents\visual studio 2013\projects\dissertation 2.0\debug\basemath.obj
c:\users\spneill\documents\visual studio 2013\projects\dissertation 2.0\debug\tessellation.ilk
c:\users\spneill\documents\visual studio 2013\projects\dissertation 2.0\debug\tessellation.exe
c:\users\spneill\documents\visual studio 2013\projects\dissertation 2.0\debug\tessellation.pdb
c:\users\spneill\documents\visual studio 2013\projects\dissertation 2.0\debug\tessellation.res
c:\users\spneill\documents\visual studio 2013\projects\dissertation 2.0\debug\tessellation.tlog\cl.command.1.tlog
c:\users\spneill\documents\visual studio 2013\projects\dissertation 2.0\debug\tessellation.tlog\cl.read.1.tlog
c:\users\spneill\documents\visual studio 2013\projects\dissertation 2.0\debug\tessellation.tlog\cl.write.1.tlog
c:\users\spneill\documents\visual studio 2013\projects\dissertation 2.0\debug\tessellation.tlog\link.command.1.tlog
c:\users\spneill\documents\visual studio 2013\projects\dissertation 2.0\debug\tessellation.tlog\link.read.1.tlog
c:\users\spneill\documents\visual studio 2013\projects\dissertation 2.0\debug\tessellation.tlog\link.write.1.tlog
c:\users\spneill\documents\visual studio 2013\projects\dissertation 2.0\debug\tessellation.tlog\rc.command.1.tlog
c:\users\spneill\documents\visual studio 2013\projects\dissertation 2.0\debug\tessellation.tlog\rc.read.1.tlog
c:\users\spneill\documents\visual studio 2013\projects\dissertation 2.0\debug\tessellation.tlog\rc.write.1.tlog
