C:\USERS\SIMON\DOCUMENTS\GITHUB\UCLAN-SPARTA\DISSERTATION PROJECT\DEBUG\VC110.PDB
C:\USERS\SIMON\DOCUMENTS\GITHUB\UCLAN-SPARTA\DISSERTATION PROJECT\DEBUG\BASEMATH.OBJ
C:\USERS\SIMON\DOCUMENTS\GITHUB\UCLAN-SPARTA\DISSERTATION PROJECT\DEBUG\CMATRIX2X2.OBJ
C:\USERS\SIMON\DOCUMENTS\GITHUB\UCLAN-SPARTA\DISSERTATION PROJECT\DEBUG\CMATRIX3X3.OBJ
C:\USERS\SIMON\DOCUMENTS\GITHUB\UCLAN-SPARTA\DISSERTATION PROJECT\DEBUG\CMATRIX4X4.OBJ
C:\USERS\SIMON\DOCUMENTS\GITHUB\UCLAN-SPARTA\DISSERTATION PROJECT\DEBUG\CQUATERNION.OBJ
C:\USERS\SIMON\DOCUMENTS\GITHUB\UCLAN-SPARTA\DISSERTATION PROJECT\DEBUG\CQUATTRANSFORM.OBJ
C:\USERS\SIMON\DOCUMENTS\GITHUB\UCLAN-SPARTA\DISSERTATION PROJECT\DEBUG\CVECTOR2.OBJ
C:\USERS\SIMON\DOCUMENTS\GITHUB\UCLAN-SPARTA\DISSERTATION PROJECT\DEBUG\CVECTOR3.OBJ
C:\USERS\SIMON\DOCUMENTS\GITHUB\UCLAN-SPARTA\DISSERTATION PROJECT\DEBUG\CVECTOR4.OBJ
C:\USERS\SIMON\DOCUMENTS\GITHUB\UCLAN-SPARTA\DISSERTATION PROJECT\DEBUG\MATHIO.OBJ
C:\USERS\SIMON\DOCUMENTS\GITHUB\UCLAN-SPARTA\DISSERTATION PROJECT\DEBUG\INPUT.OBJ
C:\USERS\SIMON\DOCUMENTS\GITHUB\UCLAN-SPARTA\DISSERTATION PROJECT\DEBUG\LIGHT.OBJ
C:\USERS\SIMON\DOCUMENTS\GITHUB\UCLAN-SPARTA\DISSERTATION PROJECT\DEBUG\MAPSQUARE.OBJ
C:\USERS\SIMON\DOCUMENTS\GITHUB\UCLAN-SPARTA\DISSERTATION PROJECT\DEBUG\MODEL.OBJ
C:\USERS\SIMON\DOCUMENTS\GITHUB\UCLAN-SPARTA\DISSERTATION PROJECT\DEBUG\RENDEROBJECT.OBJ
C:\USERS\SIMON\DOCUMENTS\GITHUB\UCLAN-SPARTA\DISSERTATION PROJECT\DEBUG\TEXTURE.OBJ
C:\USERS\SIMON\DOCUMENTS\GITHUB\UCLAN-SPARTA\DISSERTATION PROJECT\DEBUG\TEXTUREMANAGER.OBJ
C:\USERS\SIMON\DOCUMENTS\GITHUB\UCLAN-SPARTA\DISSERTATION PROJECT\DEBUG\TINYXML2.OBJ
C:\USERS\SIMON\DOCUMENTS\GITHUB\UCLAN-SPARTA\DISSERTATION PROJECT\DEBUG\COLOURS.OBJ
C:\USERS\SIMON\DOCUMENTS\GITHUB\UCLAN-SPARTA\DISSERTATION PROJECT\DEBUG\CTIMER.OBJ
C:\USERS\SIMON\DOCUMENTS\GITHUB\UCLAN-SPARTA\DISSERTATION PROJECT\DEBUG\GEOMETRY.OBJ
C:\USERS\SIMON\DOCUMENTS\GITHUB\UCLAN-SPARTA\DISSERTATION PROJECT\DEBUG\GEOMETRYMANAGER.OBJ
C:\USERS\SIMON\DOCUMENTS\GITHUB\UCLAN-SPARTA\DISSERTATION PROJECT\DEBUG\IMPORTOBJ.OBJ
C:\USERS\SIMON\DOCUMENTS\GITHUB\UCLAN-SPARTA\DISSERTATION PROJECT\DEBUG\CIMPORTXFILE.OBJ
C:\USERS\SIMON\DOCUMENTS\GITHUB\UCLAN-SPARTA\DISSERTATION PROJECT\DEBUG\CFATALEXCEPTION.OBJ
C:\USERS\SIMON\DOCUMENTS\GITHUB\UCLAN-SPARTA\DISSERTATION PROJECT\DEBUG\MSDEFINES.OBJ
C:\USERS\SIMON\DOCUMENTS\GITHUB\UCLAN-SPARTA\DISSERTATION PROJECT\DEBUG\UTILITY.OBJ
䝞慲桰捩䅳獳杩ㅮ昮൸䌊尺獕牥屳楓潭屮潄畣敭瑮屳楇䡴扵啜䱃乁猭慰瑲屡敄畢屧片灡楨獣獁楳湧⸱獣൯帊片灡楨獣獁楳湧⸱硦਍㩃啜敳獲卜浩湯䑜捯浵湥獴䝜瑩畈屢䍕䅌ⵎ灳牡慴䑜扥杵䝜慲桰捩䅳獳杩ㅮ挮潳਍䝞慲桰捩䅳獳杩ㅮ昮൸䌊尺獕牥屳楓潭屮潄畣敭瑮屳楇䡴扵啜䱃乁猭慰瑲屡敄畢屧片灡楨獣獁楳湧⸱獣൯帊片灡楨獣獁楳湧⸱硦਍㩃啜敳獲卜浩湯䑜捯浵湥獴䝜瑩畈屢䍕䅌ⵎ灳牡慴䑜扥杵䝜慲桰捩䅳獳杩ㅮ挮潳਍䝞慲桰捩䅳獳杩ㅮ昮൸䌊尺獕牥屳楓潭屮潄畣敭瑮屳楇䡴扵啜䱃乁猭慰瑲屡敄畢屧片灡楨獣獁楳湧⸱獣൯帊片灡楨獣獁楳湧⸱硦਍㩃啜敳獲卜浩湯䑜捯浵湥獴䝜瑩畈屢䍕䅌ⵎ灳牡慴䑜扥杵䝜慲桰捩䅳獳杩ㅮ挮潳਍䝞慲桰捩䅳獳杩ㅮ昮൸䌊尺獕牥屳楓潭屮潄畣敭瑮屳楇䡴扵啜䱃乁猭慰瑲屡敄畢屧片灡楨獣獁楳湧⸱獣൯帊片灡楨獣獁楳湧⸱硦਍㩃啜敳獲卜浩湯䑜捯浵湥獴䝜瑩畈屢䍕䅌ⵎ灳牡慴䑜扥杵䝜慲桰捩䅳獳杩ㅮ挮潳਍䝞慲桰捩䅳獳杩ㅮ昮൸䌊尺獕牥屳楓潭屮潄畣敭瑮屳楇䡴扵啜䱃乁猭慰瑲屡敄畢屧片灡楨獣獁楳湧⸱獣൯帊片灡楨獣獁楳湧⸱硦਍㩃啜敳獲卜浩湯䑜捯浵湥獴䝜瑩畈屢䍕䅌ⵎ灳牡慴䑜扥杵䝜慲桰捩䅳獳杩ㅮ挮潳਍䝞慲桰捩䅳獳杩ㅮ昮൸䌊尺獕牥屳楓潭屮潄畣敭瑮屳楇䡴扵啜䱃乁猭慰瑲屡敄畢屧片灡楨獣獁楳湧⸱獣൯帊片灡楨獣獁楳湧⸱硦਍㩃啜敳獲卜浩湯䑜捯浵湥獴䝜瑩畈屢䍕䅌ⵎ灳牡慴䑜扥杵䝜慲桰捩䅳獳杩ㅮ挮潳਍䝞慲桰捩䅳獳杩ㅮ昮൸䌊尺獕牥屳楓潭屮潄畣敭瑮屳楇䡴扵啜䱃乁猭慰瑲屡敄畢屧片灡楨獣獁楳湧⸱獣൯帊片灡楨獣獁楳湧⸱硦਍㩃啜敳獲卜浩湯䑜捯浵湥獴䝜瑩畈屢䍕䅌ⵎ灳牡慴䑜扥杵䝜慲桰捩䅳獳杩ㅮ挮潳਍䝞慲桰捩䅳獳杩ㅮ昮൸䌊尺獕牥屳楓潭屮潄畣敭瑮屳楇䡴扵啜䱃乁猭慰瑲屡敄畢屧片灡楨獣獁楳湧⸱獣൯帊片灡楨獣獁楳湧⸱硦਍㩃啜敳獲卜浩湯䑜捯浵湥獴䝜瑩畈屢䍕䅌ⵎ灳牡慴䑜扥杵䝜慲桰捩䅳獳杩ㅮ挮潳਍䝞慲桰捩䅳獳杩ㅮ昮൸䌊尺獕牥屳楓潭屮潄畣敭瑮屳楇䡴扵啜䱃乁猭慰瑲屡敄畢屧片灡楨獣獁楳湧⸱獣൯帊片灡楨獣獁楳湧⸱硦਍㩃啜敳獲卜浩湯䑜捯浵湥獴䝜瑩畈屢䍕䅌ⵎ灳牡慴䑜扥杵䝜慲桰捩䅳獳杩ㅮ挮潳਍䝞慲桰捩䅳獳杩ㅮ昮൸䌊尺獕牥屳楓潭屮潄畣敭瑮屳楇䡴扵啜䱃乁猭慰瑲屡敄畢屧片灡楨獣獁楳湧⸱獣൯帊片灡楨獣獁楳湧⸱硦਍㩃啜敳獲卜浩湯䑜捯浵湥獴䝜瑩畈屢䍕䅌ⵎ灳牡慴䑜扥杵䝜慲桰捩䅳獳杩ㅮ挮潳਍䝞慲桰捩䅳獳杩ㅮ昮൸䌊尺獕牥屳楓潭屮潄畣敭瑮屳楇䡴扵啜䱃乁猭慰瑲屡敄畢屧片灡楨獣獁楳湧⸱獣൯帊片灡楨獣獁楳湧⸱硦਍㩃啜敳獲卜浩湯䑜捯浵湥獴䝜瑩畈屢䍕䅌ⵎ灳牡慴䑜扥杵䝜慲桰捩䅳獳杩ㅮ挮潳਍䝞慲桰捩䅳獳杩ㅮ昮൸䌊尺獕牥屳楓潭屮潄畣敭瑮屳楇䡴扵啜䱃乁猭慰瑲屡敄畢屧片灡楨獣獁楳湧⸱獣൯帊片灡楨獣獁楳湧⸱硦਍㩃啜敳獲卜浩湯䑜捯浵湥獴䝜瑩畈屢䍕䅌ⵎ灳牡慴䑜扥杵䝜慲桰捩䅳獳杩ㅮ挮潳਍䝞慲桰捩䅳獳杩ㅮ昮൸䌊尺獕牥屳楓潭屮潄畣敭瑮屳楇䡴扵啜䱃乁猭慰瑲屡敄畢屧片灡楨獣獁楳湧⸱獣൯
C:\USERS\SIMON\DOCUMENTS\GITHUB\UCLAN-SPARTA\DEBUG\DISSERTATION PROJECT.ILK
C:\USERS\SIMON\DOCUMENTS\GITHUB\UCLAN-SPARTA\DEBUG\DISSERTATION PROJECT.EXE
C:\USERS\SIMON\DOCUMENTS\GITHUB\UCLAN-SPARTA\DEBUG\DISSERTATION PROJECT.PDB
C:\Users\Simon\Documents\GitHub\UCLAN-sparta\Dissertation Project\Debug\BaseMath.obj
C:\Users\Simon\Documents\GitHub\UCLAN-sparta\Dissertation Project\Debug\CFatalException.obj
C:\Users\Simon\Documents\GitHub\UCLAN-sparta\Dissertation Project\Debug\CImportXFile.obj
C:\Users\Simon\Documents\GitHub\UCLAN-sparta\Dissertation Project\Debug\CMatrix2x2.obj
C:\Users\Simon\Documents\GitHub\UCLAN-sparta\Dissertation Project\Debug\CMatrix3x3.obj
C:\Users\Simon\Documents\GitHub\UCLAN-sparta\Dissertation Project\Debug\CMatrix4x4.obj
C:\Users\Simon\Documents\GitHub\UCLAN-sparta\Dissertation Project\Debug\Colours.obj
C:\Users\Simon\Documents\GitHub\UCLAN-sparta\Dissertation Project\Debug\CQuaternion.obj
C:\Users\Simon\Documents\GitHub\UCLAN-sparta\Dissertation Project\Debug\CQuatTransform.obj
C:\Users\Simon\Documents\GitHub\UCLAN-sparta\Dissertation Project\Debug\CTimer.obj
C:\Users\Simon\Documents\GitHub\UCLAN-sparta\Dissertation Project\Debug\CVector2.obj
C:\Users\Simon\Documents\GitHub\UCLAN-sparta\Dissertation Project\Debug\CVector3.obj
C:\Users\Simon\Documents\GitHub\UCLAN-sparta\Dissertation Project\Debug\CVector4.obj
C:\Users\Simon\Documents\GitHub\UCLAN-sparta\Dissertation Project\Debug\Geometry.obj
C:\Users\Simon\Documents\GitHub\UCLAN-sparta\Dissertation Project\Debug\GeometryManager.obj
C:\Users\Simon\Documents\GitHub\UCLAN-sparta\Dissertation Project\Debug\ImportOBJ.obj
C:\Users\Simon\Documents\GitHub\UCLAN-sparta\Dissertation Project\Debug\Input.obj
C:\Users\Simon\Documents\GitHub\UCLAN-sparta\Dissertation Project\Debug\Light.obj
C:\Users\Simon\Documents\GitHub\UCLAN-sparta\Dissertation Project\Debug\MapSquare.obj
C:\Users\Simon\Documents\GitHub\UCLAN-sparta\Dissertation Project\Debug\MathIO.obj
C:\Users\Simon\Documents\GitHub\UCLAN-sparta\Dissertation Project\Debug\Model.obj
C:\Users\Simon\Documents\GitHub\UCLAN-sparta\Dissertation Project\Debug\MSDefines.obj
C:\Users\Simon\Documents\GitHub\UCLAN-sparta\Dissertation Project\Debug\RenderObject.obj
C:\Users\Simon\Documents\GitHub\UCLAN-sparta\Dissertation Project\Debug\Texture.obj
C:\Users\Simon\Documents\GitHub\UCLAN-sparta\Dissertation Project\Debug\TextureManager.obj
C:\Users\Simon\Documents\GitHub\UCLAN-sparta\Dissertation Project\Debug\tinyxml2.obj
C:\Users\Simon\Documents\GitHub\UCLAN-sparta\Dissertation Project\Debug\Utility.obj
C:\Users\Simon\Documents\GitHub\UCLAN-sparta\Dissertation Project\Debug\xmltest.obj
C:\Users\Simon\Documents\GitHub\UCLAN-sparta\Dissertation Project\Debug\cl.command.1.tlog
C:\Users\Simon\Documents\GitHub\UCLAN-sparta\Dissertation Project\Debug\CL.read.1.tlog
C:\Users\Simon\Documents\GitHub\UCLAN-sparta\Dissertation Project\Debug\CL.read.2.tlog
C:\Users\Simon\Documents\GitHub\UCLAN-sparta\Dissertation Project\Debug\CL.read.3.tlog
C:\Users\Simon\Documents\GitHub\UCLAN-sparta\Dissertation Project\Debug\CL.read.4.tlog
C:\Users\Simon\Documents\GitHub\UCLAN-sparta\Dissertation Project\Debug\CL.read.5.tlog
C:\Users\Simon\Documents\GitHub\UCLAN-sparta\Dissertation Project\Debug\CL.write.1.tlog
C:\Users\Simon\Documents\GitHub\UCLAN-sparta\Dissertation Project\Debug\Dissertation Project.write.1.tlog
C:\Users\Simon\Documents\GitHub\UCLAN-sparta\Dissertation Project\Debug\link-cvtres.read.1.tlog
C:\Users\Simon\Documents\GitHub\UCLAN-sparta\Dissertation Project\Debug\link-cvtres.write.1.tlog
C:\Users\Simon\Documents\GitHub\UCLAN-sparta\Dissertation Project\Debug\link-rc.read.1.tlog
C:\Users\Simon\Documents\GitHub\UCLAN-sparta\Dissertation Project\Debug\link-rc.write.1.tlog
C:\Users\Simon\Documents\GitHub\UCLAN-sparta\Dissertation Project\Debug\link.21464-cvtres.read.1.tlog
C:\Users\Simon\Documents\GitHub\UCLAN-sparta\Dissertation Project\Debug\link.21464-cvtres.write.1.tlog
C:\Users\Simon\Documents\GitHub\UCLAN-sparta\Dissertation Project\Debug\link.21464-rc.read.1.tlog
C:\Users\Simon\Documents\GitHub\UCLAN-sparta\Dissertation Project\Debug\link.21464-rc.write.1.tlog
C:\Users\Simon\Documents\GitHub\UCLAN-sparta\Dissertation Project\Debug\link.21464.read.1.tlog
C:\Users\Simon\Documents\GitHub\UCLAN-sparta\Dissertation Project\Debug\link.21464.write.1.tlog
C:\Users\Simon\Documents\GitHub\UCLAN-sparta\Dissertation Project\Debug\link.command.1.tlog
C:\Users\Simon\Documents\GitHub\UCLAN-sparta\Dissertation Project\Debug\link.read.1.tlog
C:\Users\Simon\Documents\GitHub\UCLAN-sparta\Dissertation Project\Debug\link.write.1.tlog
C:\Users\Simon\Documents\GitHub\UCLAN-sparta\Dissertation Project\Debug\vc110.idb
C:\Users\Simon\Documents\GitHub\UCLAN-sparta\Dissertation Project\Debug\vc110.pdb
C:\Users\Simon\Documents\GitHub\UCLAN-sparta\Debug\Dissertation Project.pdb
C:\Users\Simon\Documents\GitHub\UCLAN-sparta\Debug\Dissertation Project.exe
C:\Users\Simon\Documents\GitHub\UCLAN-sparta\Debug\Dissertation Project.ilk
