Build started 24/01/2015 12:20:41.
     1>Project "C:\Users\Simon\Documents\GitHub\Sparta2.0\UCLAN-sparta\Effects11\Effects11_2012.vcxproj" on node 2 (Build target(s)).
     1>ClCompile:
         C:\Program Files (x86)\Microsoft Visual Studio 12.0\VC\bin\CL.exe /c /I.\Binary /I.\Inc /I..\..\\Core /I..\..\\Optional /ZI /nologo /W4 /WX- /Od /Oi /Oy- /D WIN32 /D _DEBUG /D DEBUG /D PROFILE /D _WINDOWS /D _LIB /D D3DXFX_LARGEADDRESS_HANDLE /D _UNICODE /D UNICODE /Gm- /EHsc /RTC1 /MTd /GS /arch:SSE2 /fp:fast /Zc:wchar_t /Zc:forScope /openmp- /FAs /Fa"Debug\\" /Fo"Debug\\" /Fd"Debug\vc120.pdb" /Gd /TP /analyze- /errorReport:prompt  d3dx11dbg.cpp d3dxGlobal.cpp EffectAPI.cpp EffectLoad.cpp EffectNonRuntime.cpp EffectReflection.cpp EffectRuntime.cpp
         d3dx11dbg.cpp
         d3dxGlobal.cpp
         EffectAPI.cpp
         EffectLoad.cpp
         EffectNonRuntime.cpp
         EffectReflection.cpp
         EffectRuntime.cpp
         Generating Code...
       Lib:
         C:\Program Files (x86)\Microsoft Visual Studio 12.0\VC\bin\Lib.exe /OUT:"C:\Users\Simon\Documents\GitHub\Sparta2.0\UCLAN-sparta\Effects11\Debug\Effects11.lib" /NOLOGO Debug\d3dx11dbg.obj
         Debug\d3dxGlobal.obj
         Debug\EffectAPI.obj
         Debug\EffectLoad.obj
         Debug\EffectNonRuntime.obj
         Debug\EffectReflection.obj
         Debug\EffectRuntime.obj
         Effects11_2012.vcxproj -> C:\Users\Simon\Documents\GitHub\Sparta2.0\UCLAN-sparta\Effects11\Debug\Effects11.lib
     1>Done Building Project "C:\Users\Simon\Documents\GitHub\Sparta2.0\UCLAN-sparta\Effects11\Effects11_2012.vcxproj" (Build target(s)).

Build succeeded.

Time Elapsed 00:00:15.02
