c:\users\spneill\documents\visual studio 2013\projects\dissertation 2.0\release\vc120.pdb
c:\users\spneill\documents\visual studio 2013\projects\dissertation 2.0\release\tinyxml2.obj
c:\users\spneill\documents\visual studio 2013\projects\dissertation 2.0\release\mathio.obj
c:\users\spneill\documents\visual studio 2013\projects\dissertation 2.0\release\cvector4.obj
c:\users\spneill\documents\visual studio 2013\projects\dissertation 2.0\release\cvector3.obj
c:\users\spneill\documents\visual studio 2013\projects\dissertation 2.0\release\cvector2.obj
c:\users\spneill\documents\visual studio 2013\projects\dissertation 2.0\release\cquattransform.obj
c:\users\spneill\documents\visual studio 2013\projects\dissertation 2.0\release\cquaternion.obj
c:\users\spneill\documents\visual studio 2013\projects\dissertation 2.0\release\cmatrix4x4.obj
c:\users\spneill\documents\visual studio 2013\projects\dissertation 2.0\release\cmatrix3x3.obj
c:\users\spneill\documents\visual studio 2013\projects\dissertation 2.0\release\cmatrix2x2.obj
c:\users\spneill\documents\visual studio 2013\projects\dissertation 2.0\release\basemath.obj
c:\users\spneill\documents\visual studio 2013\projects\dissertation 2.0\release\utility.obj
c:\users\spneill\documents\visual studio 2013\projects\dissertation 2.0\release\msdefines.obj
c:\users\spneill\documents\visual studio 2013\projects\dissertation 2.0\release\cfatalexception.obj
c:\users\spneill\documents\visual studio 2013\projects\dissertation 2.0\release\cimportxfile.obj
c:\users\spneill\documents\visual studio 2013\projects\dissertation 2.0\release\ctimer.obj
c:\users\spneill\documents\visual studio 2013\projects\dissertation 2.0\release\colours.obj
c:\users\spneill\documents\visual studio 2013\projects\dissertation 2.0\release\camera.obj
c:\users\spneill\documents\visual studio 2013\projects\dissertation 2.0\release\airandom.obj
c:\users\spneill\documents\visual studio 2013\projects\dissertation 2.0\release\aiinterface.obj
c:\users\spneill\documents\visual studio 2013\projects\dissertation 2.0\release\tweakfunctions.obj
c:\users\spneill\documents\visual studio 2013\projects\dissertation 2.0\release\settingsmanager.obj
c:\users\spneill\documents\visual studio 2013\projects\dissertation 2.0\release\scene.obj
c:\users\spneill\documents\visual studio 2013\projects\dissertation 2.0\release\renderobject.obj
c:\users\spneill\documents\visual studio 2013\projects\dissertation 2.0\release\model.obj
c:\users\spneill\documents\visual studio 2013\projects\dissertation 2.0\release\mapsquare.obj
c:\users\spneill\documents\visual studio 2013\projects\dissertation 2.0\release\main.obj
c:\users\spneill\documents\visual studio 2013\projects\dissertation 2.0\release\light.obj
c:\users\spneill\documents\visual studio 2013\projects\dissertation 2.0\release\input.obj
c:\users\spneill\documents\visual studio 2013\projects\dissertation 2.0\release\tessellation.res
c:\users\spneill\documents\visual studio 2013\projects\dissertation 2.0\release\tessellation.tlog\cl.command.1.tlog
c:\users\spneill\documents\visual studio 2013\projects\dissertation 2.0\release\tessellation.tlog\cl.read.1.tlog
c:\users\spneill\documents\visual studio 2013\projects\dissertation 2.0\release\tessellation.tlog\cl.write.1.tlog
c:\users\spneill\documents\visual studio 2013\projects\dissertation 2.0\release\tessellation.tlog\link.3796.read.1.tlog
c:\users\spneill\documents\visual studio 2013\projects\dissertation 2.0\release\tessellation.tlog\link.3796.write.1.tlog
c:\users\spneill\documents\visual studio 2013\projects\dissertation 2.0\release\tessellation.tlog\link.command.1.tlog
c:\users\spneill\documents\visual studio 2013\projects\dissertation 2.0\release\tessellation.tlog\link.read.1.tlog
c:\users\spneill\documents\visual studio 2013\projects\dissertation 2.0\release\tessellation.tlog\link.write.1.tlog
c:\users\spneill\documents\visual studio 2013\projects\dissertation 2.0\release\tessellation.tlog\rc.command.1.tlog
c:\users\spneill\documents\visual studio 2013\projects\dissertation 2.0\release\tessellation.tlog\rc.read.1.tlog
c:\users\spneill\documents\visual studio 2013\projects\dissertation 2.0\release\tessellation.tlog\rc.write.1.tlog
