Build started 22/01/2015 11:23:12.
     1>Project "C:\Users\SPNeill\Documents\Visual Studio 2013\Projects\Dissertation 2.0\Effects11\Effects11_2012.vcxproj" on node 2 (Rebuild target(s)).
     1>ClCompile:
         C:\Program Files (x86)\Microsoft Visual Studio 12.0\VC\bin\CL.exe /c /I.\Binary /I.\Inc /I..\..\\Core /I..\..\\Optional /Zi /nologo /W4 /WX- /O2 /Oi /Oy- /GL /D WIN32 /D NDEBUG /D _WINDOWS /D _LIB /D D3DXFX_LARGEADDRESS_HANDLE /D _UNICODE /D UNICODE /Gm- /EHsc /MTd /GS /Gy /arch:SSE2 /fp:fast /Zc:wchar_t /Zc:forScope /openmp- /Fo"Release\\" /Fd"Release\vc120.pdb" /Gd /TP /analyze- /errorReport:prompt  d3dx11dbg.cpp d3dxGlobal.cpp EffectAPI.cpp EffectLoad.cpp EffectNonRuntime.cpp EffectReflection.cpp EffectRuntime.cpp
         d3dx11dbg.cpp
         d3dxGlobal.cpp
         EffectAPI.cpp
         EffectLoad.cpp
         EffectNonRuntime.cpp
         EffectReflection.cpp
         EffectRuntime.cpp
       Lib:
         C:\Program Files (x86)\Microsoft Visual Studio 12.0\VC\bin\Lib.exe /OUT:"C:\Users\SPNeill\Documents\Visual Studio 2013\Projects\Dissertation 2.0\Effects11\Release\Effects11.lib" /NOLOGO /LTCG Release\d3dx11dbg.obj
         Release\d3dxGlobal.obj
         Release\EffectAPI.obj
         Release\EffectLoad.obj
         Release\EffectNonRuntime.obj
         Release\EffectReflection.obj
         Release\EffectRuntime.obj
         Effects11_2012.vcxproj -> C:\Users\SPNeill\Documents\Visual Studio 2013\Projects\Dissertation 2.0\Effects11\Release\Effects11.lib
     1>Done Building Project "C:\Users\SPNeill\Documents\Visual Studio 2013\Projects\Dissertation 2.0\Effects11\Effects11_2012.vcxproj" (Rebuild target(s)).

Build succeeded.

Time Elapsed 00:00:05.27
